# JRE version: OpenJDK Runtime Environment (8.0_242-b01) (build 1.8.0_242-release-1644-b01)
# Java VM: OpenJDK 64-Bit Server VM (25.242-b01 mixed mode windows-amd64 compressed oops)
Heap:
 PSYoungGen      total 343552K, used 24662K [0x00000000d5580000, 0x00000000ec380000, 0x0000000100000000)
  eden space 328704K, 7% used [0x00000000d5580000,0x00000000d6d95810,0x00000000e9680000)
  from space 14848K, 0% used [0x00000000eb500000,0x00000000eb500000,0x00000000ec380000)
  to   space 23040K, 0% used [0x00000000e9680000,0x00000000e9680000,0x00000000ead00000)
 ParOldGen       total 97792K, used 77879K [0x0000000080000000, 0x0000000085f80000, 0x00000000d5580000)
  object space 97792K, 79% used [0x0000000080000000,0x0000000084c0dc28,0x0000000085f80000)
 Metaspace       used 92339K, capacity 96670K, committed 97944K, reserved 1134592K
  class space    used 12282K, capacity 13140K, committed 13488K, reserved 1048576K
GC Heap History (10 events):
Event: 34.885 GC heap before
{Heap before GC invocations=16 (full 3):
 PSYoungGen      total 271872K, used 271483K [0x00000000d5580000, 0x00000000e7c80000, 0x0000000100000000)
  eden space 253952K, 100% used [0x00000000d5580000,0x00000000e4d80000,0x00000000e4d80000)
  from space 17920K, 97% used [0x00000000e6b00000,0x00000000e7c1eee0,0x00000000e7c80000)
  to   space 23552K, 0% used [0x00000000e4e80000,0x00000000e4e80000,0x00000000e6580000)
 ParOldGen       total 97280K, used 38678K [0x0000000080000000, 0x0000000085f00000, 0x00000000d5580000)
  object space 97280K, 39% used [0x0000000080000000,0x00000000825c5be0,0x0000000085f00000)
 Metaspace       used 67897K, capacity 70962K, committed 71320K, reserved 1110016K
  class space    used 9164K, capacity 9784K, committed 9904K, reserved 1048576K
Event: 34.913 GC heap after
Heap after GC invocations=16 (full 3):
 PSYoungGen      total 278528K, used 6776K [0x00000000d5580000, 0x00000000ecb80000, 0x0000000100000000)
  eden space 254976K, 0% used [0x00000000d5580000,0x00000000d5580000,0x00000000e4e80000)
  from space 23552K, 28% used [0x00000000e4e80000,0x00000000e551e2d8,0x00000000e6580000)
  to   space 23040K, 0% used [0x00000000eb500000,0x00000000eb500000,0x00000000ecb80000)
 ParOldGen       total 97280K, used 50845K [0x0000000080000000, 0x0000000085f00000, 0x00000000d5580000)
  object space 97280K, 52% used [0x0000000080000000,0x00000000831a75d0,0x0000000085f00000)
 Metaspace       used 67897K, capacity 70962K, committed 71320K, reserved 1110016K
  class space    used 9164K, capacity 9784K, committed 9904K, reserved 1048576K
}
Event: 57.891 GC heap before
{Heap before GC invocations=17 (full 3):
 PSYoungGen      total 278528K, used 261752K [0x00000000d5580000, 0x00000000ecb80000, 0x0000000100000000)
  eden space 254976K, 100% used [0x00000000d5580000,0x00000000e4e80000,0x00000000e4e80000)
  from space 23552K, 28% used [0x00000000e4e80000,0x00000000e551e2d8,0x00000000e6580000)
  to   space 23040K, 0% used [0x00000000eb500000,0x00000000eb500000,0x00000000ecb80000)
 ParOldGen       total 97280K, used 50845K [0x0000000080000000, 0x0000000085f00000, 0x00000000d5580000)
  object space 97280K, 52% used [0x0000000080000000,0x00000000831a75d0,0x0000000085f00000)
 Metaspace       used 76036K, capacity 79402K, committed 79512K, reserved 1118208K
  class space    used 10219K, capacity 10909K, committed 10928K, reserved 1048576K
Event: 57.954 GC heap after
Heap after GC invocations=17 (full 3):
 PSYoungGen      total 343552K, used 14061K [0x00000000d5580000, 0x00000000ec380000, 0x0000000100000000)
  eden space 328704K, 0% used [0x00000000d5580000,0x00000000d5580000,0x00000000e9680000)
  from space 14848K, 94% used [0x00000000eb500000,0x00000000ec2bb418,0x00000000ec380000)
  to   space 23040K, 0% used [0x00000000e9680000,0x00000000e9680000,0x00000000ead00000)
 ParOldGen       total 97280K, used 54442K [0x0000000080000000, 0x0000000085f00000, 0x00000000d5580000)
  object space 97280K, 55% used [0x0000000080000000,0x000000008352a998,0x0000000085f00000)
 Metaspace       used 76036K, capacity 79402K, committed 79512K, reserved 1118208K
  class space    used 10219K, capacity 10909K, committed 10928K, reserved 1048576K
}
Event: 66.233 GC heap before
{Heap before GC invocations=18 (full 3):
 PSYoungGen      total 343552K, used 342765K [0x00000000d5580000, 0x00000000ec380000, 0x0000000100000000)
  eden space 328704K, 100% used [0x00000000d5580000,0x00000000e9680000,0x00000000e9680000)
  from space 14848K, 94% used [0x00000000eb500000,0x00000000ec2bb418,0x00000000ec380000)
  to   space 23040K, 0% used [0x00000000e9680000,0x00000000e9680000,0x00000000ead00000)
 ParOldGen       total 97280K, used 54442K [0x0000000080000000, 0x0000000085f00000, 0x00000000d5580000)
  object space 97280K, 55% used [0x0000000080000000,0x000000008352a998,0x0000000085f00000)
 Metaspace       used 91191K, capacity 95968K, committed 96280K, reserved 1132544K
  class space    used 12329K, capacity 13283K, committed 13360K, reserved 1048576K
Event: 66.587 GC heap after
Heap after GC invocations=18 (full 3):
 PSYoungGen      total 351744K, used 23035K [0x00000000d5580000, 0x00000000ec380000, 0x0000000100000000)
  eden space 328704K, 0% used [0x00000000d5580000,0x00000000d5580000,0x00000000e9680000)
  from space 23040K, 99% used [0x00000000e9680000,0x00000000eacfee00,0x00000000ead00000)
  to   space 14848K, 0% used [0x00000000eb500000,0x00000000eb500000,0x00000000ec380000)
 ParOldGen       total 97280K, used 79076K [0x0000000080000000, 0x0000000085f00000, 0x00000000d5580000)
  object space 97280K, 81% used [0x0000000080000000,0x0000000084d39360,0x0000000085f00000)
 Metaspace       used 91191K, capacity 95968K, committed 96280K, reserved 1132544K
  class space    used 12329K, capacity 13283K, committed 13360K, reserved 1048576K
}
Event: 71.678 GC heap before
{Heap before GC invocations=19 (full 3):
 PSYoungGen      total 351744K, used 351739K [0x00000000d5580000, 0x00000000ec380000, 0x0000000100000000)
  eden space 328704K, 100% used [0x00000000d5580000,0x00000000e9680000,0x00000000e9680000)
  from space 23040K, 99% used [0x00000000e9680000,0x00000000eacfee00,0x00000000ead00000)
  to   space 14848K, 0% used [0x00000000eb500000,0x00000000eb500000,0x00000000ec380000)
 ParOldGen       total 97280K, used 79076K [0x0000000080000000, 0x0000000085f00000, 0x00000000d5580000)
  object space 97280K, 81% used [0x0000000080000000,0x0000000084d39360,0x0000000085f00000)
 Metaspace       used 92691K, capacity 97564K, committed 97944K, reserved 1134592K
  class space    used 12406K, capacity 13363K, committed 13488K, reserved 1048576K
Event: 71.782 GC heap after
Heap after GC invocations=19 (full 3):
 PSYoungGen      total 343552K, used 14820K [0x00000000d5580000, 0x00000000ec380000, 0x0000000100000000)
  eden space 328704K, 0% used [0x00000000d5580000,0x00000000d5580000,0x00000000e9680000)
  from space 14848K, 99% used [0x00000000eb500000,0x00000000ec379308,0x00000000ec380000)
  to   space 23040K, 0% used [0x00000000e9680000,0x00000000e9680000,0x00000000ead00000)
 ParOldGen       total 97792K, used 97310K [0x0000000080000000, 0x0000000085f80000, 0x00000000d5580000)
  object space 97792K, 99% used [0x0000000080000000,0x0000000085f079d8,0x0000000085f80000)
 Metaspace       used 92691K, capacity 97564K, committed 97944K, reserved 1134592K
  class space    used 12406K, capacity 13363K, committed 13488K, reserved 1048576K
}
Event: 71.782 GC heap before
{Heap before GC invocations=20 (full 4):
 PSYoungGen      total 343552K, used 14820K [0x00000000d5580000, 0x00000000ec380000, 0x0000000100000000)
  eden space 328704K, 0% used [0x00000000d5580000,0x00000000d5580000,0x00000000e9680000)
  from space 14848K, 99% used [0x00000000eb500000,0x00000000ec379308,0x00000000ec380000)
  to   space 23040K, 0% used [0x00000000e9680000,0x00000000e9680000,0x00000000ead00000)
 ParOldGen       total 97792K, used 97310K [0x0000000080000000, 0x0000000085f80000, 0x00000000d5580000)
  object space 97792K, 99% used [0x0000000080000000,0x0000000085f079d8,0x0000000085f80000)
 Metaspace       used 92691K, capacity 97564K, committed 97944K, reserved 1134592K
  class space    used 12406K, capacity 13363K, committed 13488K, reserved 1048576K
Event: 72.301 GC heap after
Heap after GC invocations=20 (full 4):
 PSYoungGen      total 343552K, used 0K [0x00000000d5580000, 0x00000000ec380000, 0x0000000100000000)
  eden space 328704K, 0% used [0x00000000d5580000,0x00000000d5580000,0x00000000e9680000)
  from space 14848K, 0% used [0x00000000eb500000,0x00000000eb500000,0x00000000ec380000)
  to   space 23040K, 0% used [0x00000000e9680000,0x00000000e9680000,0x00000000ead00000)
 ParOldGen       total 97792K, used 77879K [0x0000000080000000, 0x0000000085f80000, 0x00000000d5580000)
  object space 97792K, 79% used [0x0000000080000000,0x0000000084c0dc28,0x0000000085f80000)
 Metaspace       used 92331K, capacity 96654K, committed 97944K, reserved 1134592K
  class space    used 12281K, capacity 13138K, committed 13488K, reserved 1048576K
}

